<?xml version="1.0" encoding="UTF-8"?>
<!-- Generated by org.testng.reporters.JUnitReportReporter -->
<testsuite hostname="DESKTOP-I4E911K" failures="0" tests="1" name="TestLogin.Login2Naukari" time="31.944" errors="0" timestamp="2022-12-22T13:24:11 IST" skipped="0">
  <testcase classname="TestLogin.Login2Naukari" name="Login2app" time="31.944"/>
  <system-out/>
</testsuite> <!-- TestLogin.Login2Naukari -->
